{"meta": {"format": 3, "version": "7.13.5", "timestamp": "2026-04-06T18:12:59.590505", "branch_coverage": false, "show_contexts": false}, "files": {"src/transai/cli/query.py": {"executed_lines": [], "summary": {"covered_lines": 0, "num_statements": 23, "percent_covered": 0.0, "percent_covered_display": "0", "missing_lines": 23, "excluded_lines": 0, "percent_statements_covered": 0.0, "percent_statements_covered_display": "0"}, "missing_lines": [5, 7, 8, 10, 11, 12, 13, 15, 16, 19, 28, 29, 54, 55, 56, 57, 58, 59, 60, 65, 81, 82, 89], "excluded_lines": [], "functions": {"IsPrimeCLI": {"executed_lines": [], "summary": {"covered_lines": 0, "num_statements": 11, "percent_covered": 0.0, "percent_covered_display": "0", "missing_lines": 11, "excluded_lines": 0, "percent_statements_covered": 0.0, "percent_statements_covered_display": "0"}, "missing_lines": [54, 55, 56, 57, 58, 59, 60, 65, 81, 82, 89], "excluded_lines": [], "start_line": 29}, "": {"executed_lines": [], "summary": {"covered_lines": 0, "num_statements": 12, "percent_covered": 0.0, "percent_covered_display": "0", "missing_lines": 12, "excluded_lines": 0, "percent_statements_covered": 0.0, "percent_statements_covered_display": "0"}, "missing_lines": [5, 7, 8, 10, 11, 12, 13, 15, 16, 19, 28, 29], "excluded_lines": [], "start_line": 1}}, "classes": {"": {"executed_lines": [], "summary": {"covered_lines": 0, "num_statements": 23, "percent_covered": 0.0, "percent_covered_display": "0", "missing_lines": 23, "excluded_lines": 0, "percent_statements_covered": 0.0, "percent_statements_covered_display": "0"}, "missing_lines": [5, 7, 8, 10, 11, 12, 13, 15, 16, 19, 28, 29, 54, 55, 56, 57, 58, 59, 60, 65, 81, 82, 89], "excluded_lines": [], "start_line": 1}}}, "src/transai/core/ai.py": {"executed_lines": [5, 7, 8, 9, 10, 11, 12, 14, 15, 16, 17, 18, 20, 22, 23, 25, 26, 27, 28, 29, 30, 31, 32, 33, 36, 40, 43, 44, 45, 46, 47, 48, 49, 50, 51, 52, 53, 54, 55, 56, 57, 58, 59, 62, 63, 64, 76, 77, 78, 79, 80, 82, 92, 95, 96, 97, 98, 99, 102, 109, 128, 129, 132, 135, 137, 139, 140, 149, 150, 159, 168, 169, 194, 195, 218, 221, 222, 225, 230, 239, 240, 241, 242, 244, 245, 266, 267, 282, 283, 286, 289, 292, 295, 297, 298, 300, 301, 302, 304, 305, 335, 338, 339, 340, 341, 342, 343, 344, 346, 347], "summary": {"covered_lines": 110, "num_statements": 139, "percent_covered": 79.13669064748201, "percent_covered_display": "79", "missing_lines": 29, "excluded_lines": 0, "percent_statements_covered": 79.13669064748201, "percent_statements_covered_display": "79"}, "missing_lines": [147, 157, 161, 162, 163, 164, 165, 166, 182, 183, 184, 185, 192, 219, 220, 223, 226, 227, 228, 235, 236, 237, 284, 287, 290, 293, 296, 299, 336], "excluded_lines": [], "functions": {"LoadedModel.__lt__": {"executed_lines": [92], "summary": {"covered_lines": 1, "num_statements": 1, "percent_covered": 100.0, "percent_covered_display": "100", "missing_lines": 0, "excluded_lines": 0, "percent_statements_covered": 100.0, "percent_statements_covered_display": "100"}, "missing_lines": [], "excluded_lines": [], "start_line": 82}, "MakeAIModelConfig": {"executed_lines": [109, 128, 129], "summary": {"covered_lines": 3, "num_statements": 3, "percent_covered": 100.0, "percent_covered_display": "100", "missing_lines": 0, "excluded_lines": 0, "percent_statements_covered": 100.0, "percent_statements_covered_display": "100"}, "missing_lines": [], "excluded_lines": [], "start_line": 102}, "AIWorker.__init__": {"executed_lines": [137], "summary": {"covered_lines": 1, "num_statements": 1, "percent_covered": 100.0, "percent_covered_display": "100", "missing_lines": 0, "excluded_lines": 0, "percent_statements_covered": 100.0, "percent_statements_covered_display": "100"}, "missing_lines": [], "excluded_lines": [], "start_line": 135}, "AIWorker.__enter__": {"executed_lines": [], "summary": {"covered_lines": 0, "num_statements": 1, "percent_covered": 0.0, "percent_covered_display": "0", "missing_lines": 1, "excluded_lines": 0, "percent_statements_covered": 0.0, "percent_statements_covered_display": "0"}, "missing_lines": [147], "excluded_lines": [], "start_line": 140}, "AIWorker.__exit__": {"executed_lines": [], "summary": {"covered_lines": 0, "num_statements": 1, "percent_covered": 0.0, "percent_covered_display": "0", "missing_lines": 1, "excluded_lines": 0, "percent_statements_covered": 0.0, "percent_statements_covered_display": "0"}, "missing_lines": [157], "excluded_lines": [], "start_line": 150}, "AIWorker.Close": {"executed_lines": [], "summary": {"covered_lines": 0, "num_statements": 6, "percent_covered": 0.0, "percent_covered_display": "0", "missing_lines": 6, "excluded_lines": 0, "percent_statements_covered": 0.0, "percent_statements_covered_display": "0"}, "missing_lines": [161, 162, 163, 164, 165, 166], "excluded_lines": [], "start_line": 159}, "AIWorker._RegisterModel": {"executed_lines": [], "summary": {"covered_lines": 0, "num_statements": 5, "percent_covered": 0.0, "percent_covered_display": "0", "missing_lines": 5, "excluded_lines": 0, "percent_statements_covered": 0.0, "percent_statements_covered_display": "0"}, "missing_lines": [182, 183, 184, 185, 192], "excluded_lines": [], "start_line": 169}, "AIWorker.LoadModel": {"executed_lines": [218, 221, 222, 225, 230, 239, 240, 241, 242], "summary": {"covered_lines": 9, "num_statements": 18, "percent_covered": 50.0, "percent_covered_display": "50", "missing_lines": 9, "excluded_lines": 0, "percent_statements_covered": 50.0, "percent_statements_covered_display": "50"}, "missing_lines": [219, 220, 223, 226, 227, 228, 235, 236, 237], "excluded_lines": [], "start_line": 195}, "AIWorker._LoadNew": {"executed_lines": [], "summary": {"covered_lines": 0, "num_statements": 0, "percent_covered": 100.0, "percent_covered_display": "100", "missing_lines": 0, "excluded_lines": 0, "percent_statements_covered": 100.0, "percent_statements_covered_display": "100"}, "missing_lines": [], "excluded_lines": [], "start_line": 245}, "AIWorker._ConfigSeed": {"executed_lines": [282, 283, 286, 289, 292, 295, 297, 298, 300, 301, 302], "summary": {"covered_lines": 11, "num_statements": 17, "percent_covered": 64.70588235294117, "percent_covered_display": "65", "missing_lines": 6, "excluded_lines": 0, "percent_statements_covered": 64.70588235294117, "percent_statements_covered_display": "65"}, "missing_lines": [284, 287, 290, 293, 296, 299], "excluded_lines": [], "start_line": 267}, "AIWorker.ModelCall": {"executed_lines": [335, 338, 339, 340, 341, 342, 343, 344], "summary": {"covered_lines": 8, "num_statements": 9, "percent_covered": 88.88888888888889, "percent_covered_display": "89", "missing_lines": 1, "excluded_lines": 0, "percent_statements_covered": 88.88888888888889, "percent_statements_covered_display": "89"}, "missing_lines": [336], "excluded_lines": [], "start_line": 305}, "AIWorker._Call": {"executed_lines": [], "summary": {"covered_lines": 0, "num_statements": 0, "percent_covered": 100.0, "percent_covered_display": "100", "missing_lines": 0, "excluded_lines": 0, "percent_statements_covered": 100.0, "percent_statements_covered_display": "100"}, "missing_lines": [], "excluded_lines": [], "start_line": 347}, "": {"executed_lines": [5, 7, 8, 9, 10, 11, 12, 14, 15, 16, 17, 18, 20, 22, 23, 25, 26, 27, 28, 29, 30, 31, 32, 33, 36, 40, 43, 44, 45, 46, 47, 48, 49, 50, 51, 52, 53, 54, 55, 56, 57, 58, 59, 62, 63, 64, 76, 77, 78, 79, 80, 82, 95, 96, 97, 98, 99, 102, 132, 135, 139, 140, 149, 150, 159, 168, 169, 194, 195, 244, 245, 266, 267, 304, 305, 346, 347], "summary": {"covered_lines": 77, "num_statements": 77, "percent_covered": 100.0, "percent_covered_display": "100", "missing_lines": 0, "excluded_lines": 0, "percent_statements_covered": 100.0, "percent_statements_covered_display": "100"}, "missing_lines": [], "excluded_lines": [], "start_line": 1}}, "classes": {"Error": {"executed_lines": [], "summary": {"covered_lines": 0, "num_statements": 0, "percent_covered": 100.0, "percent_covered_display": "100", "missing_lines": 0, "excluded_lines": 0, "percent_statements_covered": 100.0, "percent_statements_covered_display": "100"}, "missing_lines": [], "excluded_lines": [], "start_line": 36}, "AIModelConfig": {"executed_lines": [], "summary": {"covered_lines": 0, "num_statements": 0, "percent_covered": 100.0, "percent_covered_display": "100", "missing_lines": 0, "excluded_lines": 0, "percent_statements_covered": 100.0, "percent_statements_covered_display": "100"}, "missing_lines": [], "excluded_lines": [], "start_line": 40}, "LoadedModel": {"executed_lines": [92], "summary": {"covered_lines": 1, "num_statements": 1, "percent_covered": 100.0, "percent_covered_display": "100", "missing_lines": 0, "excluded_lines": 0, "percent_statements_covered": 100.0, "percent_statements_covered_display": "100"}, "missing_lines": [], "excluded_lines": [], "start_line": 64}, "AIWorker": {"executed_lines": [137, 218, 221, 222, 225, 230, 239, 240, 241, 242, 282, 283, 286, 289, 292, 295, 297, 298, 300, 301, 302, 335, 338, 339, 340, 341, 342, 343, 344], "summary": {"covered_lines": 29, "num_statements": 58, "percent_covered": 50.0, "percent_covered_display": "50", "missing_lines": 29, "excluded_lines": 0, "percent_statements_covered": 50.0, "percent_statements_covered_display": "50"}, "missing_lines": [147, 157, 161, 162, 163, 164, 165, 166, 182, 183, 184, 185, 192, 219, 220, 223, 226, 227, 228, 235, 236, 237, 284, 287, 290, 293, 296, 299, 336], "excluded_lines": [], "start_line": 132}, "": {"executed_lines": [5, 7, 8, 9, 10, 11, 12, 14, 15, 16, 17, 18, 20, 22, 23, 25, 26, 27, 28, 29, 30, 31, 32, 33, 36, 40, 43, 44, 45, 46, 47, 48, 49, 50, 51, 52, 53, 54, 55, 56, 57, 58, 59, 62, 63, 64, 76, 77, 78, 79, 80, 82, 95, 96, 97, 98, 99, 102, 109, 128, 129, 132, 135, 139, 140, 149, 150, 159, 168, 169, 194, 195, 244, 245, 266, 267, 304, 305, 346, 347], "summary": {"covered_lines": 80, "num_statements": 80, "percent_covered": 100.0, "percent_covered_display": "100", "missing_lines": 0, "excluded_lines": 0, "percent_statements_covered": 100.0, "percent_statements_covered_display": "100"}, "missing_lines": [], "excluded_lines": [], "start_line": 1}}}, "src/transai/core/llama.py": {"executed_lines": [5, 7, 8, 9, 10, 11, 12, 13, 14, 16, 17, 18, 19, 20, 22, 23, 25, 31, 37, 47, 75, 79, 82, 93, 94, 95, 96, 97, 98, 99, 100, 101, 103, 126, 127, 128, 136, 137, 138, 140, 141, 142, 143, 147, 148, 149, 150, 151, 153, 154, 155, 159, 160, 161, 178, 179, 180, 181, 183, 184, 193, 195, 203, 233, 234, 236, 237, 239, 240, 242, 244, 246, 251, 255, 258, 260, 261, 263, 265, 266, 273, 275, 276, 277, 278, 279, 286, 287, 288, 289, 290, 292, 311, 312, 315, 316, 317, 318, 319, 322, 323, 325, 326, 327, 328, 329, 330, 331, 332, 333, 334, 336, 337, 338, 339, 340, 343, 362, 365, 368, 371, 372, 373, 374, 375, 376, 377, 383, 396, 397, 398, 399, 402, 412, 415, 426, 427, 430, 443, 444, 445, 446, 447, 448, 449, 450, 451, 452, 453, 459], "summary": {"covered_lines": 150, "num_statements": 152, "percent_covered": 98.6842105263158, "percent_covered_display": "99", "missing_lines": 2, "excluded_lines": 0, "percent_statements_covered": 98.6842105263158, "percent_statements_covered_display": "99"}, "missing_lines": [132, 194], "excluded_lines": [], "functions": {"LlamaWorker.__init__": {"executed_lines": [93, 94, 95, 96, 97, 98, 99, 100, 101], "summary": {"covered_lines": 9, "num_statements": 9, "percent_covered": 100.0, "percent_covered_display": "100", "missing_lines": 0, "excluded_lines": 0, "percent_statements_covered": 100.0, "percent_statements_covered_display": "100"}, "missing_lines": [], "excluded_lines": [], "start_line": 82}, "LlamaWorker._LoadNew": {"executed_lines": [126, 127, 128, 136, 137, 138, 140, 141, 142, 143, 147, 148, 149, 150, 151, 153, 154, 155, 159, 160, 161, 178, 179, 180, 181, 183, 184, 193, 195], "summary": {"covered_lines": 29, "num_statements": 31, "percent_covered": 93.54838709677419, "percent_covered_display": "94", "missing_lines": 2, "excluded_lines": 0, "percent_statements_covered": 93.54838709677419, "percent_statements_covered_display": "94"}, "missing_lines": [132, 194], "excluded_lines": [], "start_line": 103}, "LlamaWorker._Call": {"executed_lines": [233, 234, 236, 237, 239, 240, 242, 244, 246, 251, 255, 258, 260, 261, 263, 265, 266, 273, 275, 276, 277, 278, 279, 286, 287, 288, 289, 290], "summary": {"covered_lines": 28, "num_statements": 28, "percent_covered": 100.0, "percent_covered_display": "100", "missing_lines": 0, "excluded_lines": 0, "percent_statements_covered": 100.0, "percent_statements_covered_display": "100"}, "missing_lines": [], "excluded_lines": [], "start_line": 203}, "LlamaWorker._FindModelDirectory": {"executed_lines": [311, 312, 315, 316, 317, 318, 319], "summary": {"covered_lines": 7, "num_statements": 7, "percent_covered": 100.0, "percent_covered_display": "100", "missing_lines": 0, "excluded_lines": 0, "percent_statements_covered": 100.0, "percent_statements_covered_display": "100"}, "missing_lines": [], "excluded_lines": [], "start_line": 292}, "_SuppressNativeOutput": {"executed_lines": [325, 326, 327, 328, 329, 330, 331, 332, 333, 334, 336, 337, 338, 339, 340], "summary": {"covered_lines": 15, "num_statements": 15, "percent_covered": 100.0, "percent_covered_display": "100", "missing_lines": 0, "excluded_lines": 0, "percent_statements_covered": 100.0, "percent_statements_covered_display": "100"}, "missing_lines": [], "excluded_lines": [], "start_line": 323}, "_FindGGUF": {"executed_lines": [362, 365, 368, 371, 372, 373, 374, 375, 376, 377], "summary": {"covered_lines": 10, "num_statements": 10, "percent_covered": 100.0, "percent_covered_display": "100", "missing_lines": 0, "excluded_lines": 0, "percent_statements_covered": 100.0, "percent_statements_covered_display": "100"}, "missing_lines": [], "excluded_lines": [], "start_line": 343}, "_DetectVisionHandler": {"executed_lines": [396, 397, 398, 399], "summary": {"covered_lines": 4, "num_statements": 4, "percent_covered": 100.0, "percent_covered_display": "100", "missing_lines": 0, "excluded_lines": 0, "percent_statements_covered": 100.0, "percent_statements_covered_display": "100"}, "missing_lines": [], "excluded_lines": [], "start_line": 383}, "_MetadataText": {"executed_lines": [412], "summary": {"covered_lines": 1, "num_statements": 1, "percent_covered": 100.0, "percent_covered_display": "100", "missing_lines": 0, "excluded_lines": 0, "percent_statements_covered": 100.0, "percent_statements_covered_display": "100"}, "missing_lines": [], "excluded_lines": [], "start_line": 402}, "_ImageToDataURI": {"executed_lines": [426, 427], "summary": {"covered_lines": 2, "num_statements": 2, "percent_covered": 100.0, "percent_covered_display": "100", "missing_lines": 0, "excluded_lines": 0, "percent_statements_covered": 100.0, "percent_statements_covered_display": "100"}, "missing_lines": [], "excluded_lines": [], "start_line": 415}, "_ExtractContent": {"executed_lines": [443, 444, 445, 446, 447, 448, 449, 450, 451, 452, 453, 459], "summary": {"covered_lines": 12, "num_statements": 12, "percent_covered": 100.0, "percent_covered_display": "100", "missing_lines": 0, "excluded_lines": 0, "percent_statements_covered": 100.0, "percent_statements_covered_display": "100"}, "missing_lines": [], "excluded_lines": [], "start_line": 430}, "": {"executed_lines": [5, 7, 8, 9, 10, 11, 12, 13, 14, 16, 17, 18, 19, 20, 22, 23, 25, 31, 37, 47, 75, 79, 82, 103, 203, 292, 322, 323, 343, 383, 402, 415, 430], "summary": {"covered_lines": 33, "num_statements": 33, "percent_covered": 100.0, "percent_covered_display": "100", "missing_lines": 0, "excluded_lines": 0, "percent_statements_covered": 100.0, "percent_statements_covered_display": "100"}, "missing_lines": [], "excluded_lines": [], "start_line": 1}}, "classes": {"Error": {"executed_lines": [], "summary": {"covered_lines": 0, "num_statements": 0, "percent_covered": 100.0, "percent_covered_display": "100", "missing_lines": 0, "excluded_lines": 0, "percent_statements_covered": 100.0, "percent_statements_covered_display": "100"}, "missing_lines": [], "excluded_lines": [], "start_line": 75}, "LlamaWorker": {"executed_lines": [93, 94, 95, 96, 97, 98, 99, 100, 101, 126, 127, 128, 136, 137, 138, 140, 141, 142, 143, 147, 148, 149, 150, 151, 153, 154, 155, 159, 160, 161, 178, 179, 180, 181, 183, 184, 193, 195, 233, 234, 236, 237, 239, 240, 242, 244, 246, 251, 255, 258, 260, 261, 263, 265, 266, 273, 275, 276, 277, 278, 279, 286, 287, 288, 289, 290, 311, 312, 315, 316, 317, 318, 319], "summary": {"covered_lines": 73, "num_statements": 75, "percent_covered": 97.33333333333333, "percent_covered_display": "97", "missing_lines": 2, "excluded_lines": 0, "percent_statements_covered": 97.33333333333333, "percent_statements_covered_display": "97"}, "missing_lines": [132, 194], "excluded_lines": [], "start_line": 79}, "": {"executed_lines": [5, 7, 8, 9, 10, 11, 12, 13, 14, 16, 17, 18, 19, 20, 22, 23, 25, 31, 37, 47, 75, 79, 82, 103, 203, 292, 322, 323, 325, 326, 327, 328, 329, 330, 331, 332, 333, 334, 336, 337, 338, 339, 340, 343, 362, 365, 368, 371, 372, 373, 374, 375, 376, 377, 383, 396, 397, 398, 399, 402, 412, 415, 426, 427, 430, 443, 444, 445, 446, 447, 448, 449, 450, 451, 452, 453, 459], "summary": {"covered_lines": 77, "num_statements": 77, "percent_covered": 100.0, "percent_covered_display": "100", "missing_lines": 0, "excluded_lines": 0, "percent_statements_covered": 100.0, "percent_statements_covered_display": "100"}, "missing_lines": [], "excluded_lines": [], "start_line": 1}}}, "src/transai/core/lms.py": {"executed_lines": [], "summary": {"covered_lines": 0, "num_statements": 75, "percent_covered": 0.0, "percent_covered_display": "0", "missing_lines": 75, "excluded_lines": 0, "percent_statements_covered": 0.0, "percent_statements_covered_display": "0"}, "missing_lines": [5, 7, 8, 10, 11, 12, 13, 15, 18, 22, 25, 38, 39, 40, 41, 42, 44, 48, 49, 50, 51, 54, 55, 56, 57, 59, 62, 64, 66, 67, 68, 70, 90, 91, 92, 93, 94, 95, 96, 98, 100, 133, 135, 139, 169, 170, 171, 180, 181, 186, 187, 188, 193, 194, 196, 197, 198, 199, 201, 204, 219, 220, 221, 222, 223, 224, 225, 226, 227, 228, 233, 234, 241, 242, 243], "excluded_lines": [], "functions": {"LMStudioWorker.__init__": {"executed_lines": [], "summary": {"covered_lines": 0, "num_statements": 16, "percent_covered": 0.0, "percent_covered_display": "0", "missing_lines": 16, "excluded_lines": 0, "percent_statements_covered": 0.0, "percent_statements_covered_display": "0"}, "missing_lines": [38, 39, 40, 41, 42, 44, 48, 49, 50, 51, 54, 55, 56, 57, 59, 62], "excluded_lines": [], "start_line": 25}, "LMStudioWorker.Close": {"executed_lines": [], "summary": {"covered_lines": 0, "num_statements": 3, "percent_covered": 0.0, "percent_covered_display": "0", "missing_lines": 3, "excluded_lines": 0, "percent_statements_covered": 0.0, "percent_statements_covered_display": "0"}, "missing_lines": [66, 67, 68], "excluded_lines": [], "start_line": 64}, "LMStudioWorker._LoadNew": {"executed_lines": [], "summary": {"covered_lines": 0, "num_statements": 11, "percent_covered": 0.0, "percent_covered_display": "0", "missing_lines": 11, "excluded_lines": 0, "percent_statements_covered": 0.0, "percent_statements_covered_display": "0"}, "missing_lines": [90, 91, 92, 93, 94, 95, 96, 98, 100, 133, 135], "excluded_lines": [], "start_line": 70}, "LMStudioWorker._Call": {"executed_lines": [], "summary": {"covered_lines": 0, "num_statements": 15, "percent_covered": 0.0, "percent_covered_display": "0", "missing_lines": 15, "excluded_lines": 0, "percent_statements_covered": 0.0, "percent_statements_covered_display": "0"}, "missing_lines": [169, 170, 171, 180, 181, 186, 187, 188, 193, 194, 196, 197, 198, 199, 201], "excluded_lines": [], "start_line": 139}, "_ExtractModelInfo": {"executed_lines": [], "summary": {"covered_lines": 0, "num_statements": 15, "percent_covered": 0.0, "percent_covered_display": "0", "missing_lines": 15, "excluded_lines": 0, "percent_statements_covered": 0.0, "percent_statements_covered_display": "0"}, "missing_lines": [219, 220, 221, 222, 223, 224, 225, 226, 227, 228, 233, 234, 241, 242, 243], "excluded_lines": [], "start_line": 204}, "": {"executed_lines": [], "summary": {"covered_lines": 0, "num_statements": 15, "percent_covered": 0.0, "percent_covered_display": "0", "missing_lines": 15, "excluded_lines": 0, "percent_statements_covered": 0.0, "percent_statements_covered_display": "0"}, "missing_lines": [5, 7, 8, 10, 11, 12, 13, 15, 18, 22, 25, 64, 70, 139, 204], "excluded_lines": [], "start_line": 1}}, "classes": {"Error": {"executed_lines": [], "summary": {"covered_lines": 0, "num_statements": 0, "percent_covered": 100.0, "percent_covered_display": "100", "missing_lines": 0, "excluded_lines": 0, "percent_statements_covered": 100.0, "percent_statements_covered_display": "100"}, "missing_lines": [], "excluded_lines": [], "start_line": 18}, "LMStudioWorker": {"executed_lines": [], "summary": {"covered_lines": 0, "num_statements": 45, "percent_covered": 0.0, "percent_covered_display": "0", "missing_lines": 45, "excluded_lines": 0, "percent_statements_covered": 0.0, "percent_statements_covered_display": "0"}, "missing_lines": [38, 39, 40, 41, 42, 44, 48, 49, 50, 51, 54, 55, 56, 57, 59, 62, 66, 67, 68, 90, 91, 92, 93, 94, 95, 96, 98, 100, 133, 135, 169, 170, 171, 180, 181, 186, 187, 188, 193, 194, 196, 197, 198, 199, 201], "excluded_lines": [], "start_line": 22}, "": {"executed_lines": [], "summary": {"covered_lines": 0, "num_statements": 30, "percent_covered": 0.0, "percent_covered_display": "0", "missing_lines": 30, "excluded_lines": 0, "percent_statements_covered": 0.0, "percent_statements_covered_display": "0"}, "missing_lines": [5, 7, 8, 10, 11, 12, 13, 15, 18, 22, 25, 64, 70, 139, 204, 219, 220, 221, 222, 223, 224, 225, 226, 227, 228, 233, 234, 241, 242, 243], "excluded_lines": [], "start_line": 1}}}, "src/transai/transai.py": {"executed_lines": [], "summary": {"covered_lines": 0, "num_statements": 56, "percent_covered": 0.0, "percent_covered_display": "0", "missing_lines": 56, "excluded_lines": 0, "percent_statements_covered": 0.0, "percent_statements_covered_display": "0"}, "missing_lines": [5, 7, 8, 10, 11, 12, 13, 14, 15, 17, 19, 22, 23, 26, 27, 28, 29, 30, 31, 32, 33, 34, 35, 36, 37, 38, 41, 57, 65, 78, 92, 104, 114, 129, 141, 148, 158, 163, 168, 182, 198, 200, 203, 207, 208, 243, 244, 245, 247, 254, 278, 283, 284, 285, 286, 290], "excluded_lines": [], "functions": {"Run": {"executed_lines": [], "summary": {"covered_lines": 0, "num_statements": 1, "percent_covered": 0.0, "percent_covered_display": "0", "missing_lines": 1, "excluded_lines": 0, "percent_statements_covered": 0.0, "percent_statements_covered_display": "0"}, "missing_lines": [200], "excluded_lines": [], "start_line": 198}, "Main": {"executed_lines": [], "summary": {"covered_lines": 0, "num_statements": 5, "percent_covered": 0.0, "percent_covered_display": "0", "missing_lines": 5, "excluded_lines": 0, "percent_statements_covered": 0.0, "percent_statements_covered_display": "0"}, "missing_lines": [243, 244, 245, 247, 254], "excluded_lines": [], "start_line": 208}, "Markdown": {"executed_lines": [], "summary": {"covered_lines": 0, "num_statements": 2, "percent_covered": 0.0, "percent_covered_display": "0", "missing_lines": 2, "excluded_lines": 0, "percent_statements_covered": 0.0, "percent_statements_covered_display": "0"}, "missing_lines": [285, 286], "excluded_lines": [], "start_line": 284}, "": {"executed_lines": [], "summary": {"covered_lines": 0, "num_statements": 48, "percent_covered": 0.0, "percent_covered_display": "0", "missing_lines": 48, "excluded_lines": 0, "percent_statements_covered": 0.0, "percent_statements_covered_display": "0"}, "missing_lines": [5, 7, 8, 10, 11, 12, 13, 14, 15, 17, 19, 22, 23, 26, 27, 28, 29, 30, 31, 32, 33, 34, 35, 36, 37, 38, 41, 57, 65, 78, 92, 104, 114, 129, 141, 148, 158, 163, 168, 182, 198, 203, 207, 208, 278, 283, 284, 290], "excluded_lines": [], "start_line": 1}}, "classes": {"TransAIConfig": {"executed_lines": [], "summary": {"covered_lines": 0, "num_statements": 0, "percent_covered": 100.0, "percent_covered_display": "100", "missing_lines": 0, "excluded_lines": 0, "percent_statements_covered": 100.0, "percent_statements_covered_display": "100"}, "missing_lines": [], "excluded_lines": [], "start_line": 23}, "": {"executed_lines": [], "summary": {"covered_lines": 0, "num_statements": 56, "percent_covered": 0.0, "percent_covered_display": "0", "missing_lines": 56, "excluded_lines": 0, "percent_statements_covered": 0.0, "percent_statements_covered_display": "0"}, "missing_lines": [5, 7, 8, 10, 11, 12, 13, 14, 15, 17, 19, 22, 23, 26, 27, 28, 29, 30, 31, 32, 33, 34, 35, 36, 37, 38, 41, 57, 65, 78, 92, 104, 114, 129, 141, 148, 158, 163, 168, 182, 198, 200, 203, 207, 208, 243, 244, 245, 247, 254, 278, 283, 284, 285, 286, 290], "excluded_lines": [], "start_line": 1}}}, "src/transai/utils/images.py": {"executed_lines": [5, 7, 8, 9, 10, 12, 14, 17, 19, 20, 23, 55, 74], "summary": {"covered_lines": 13, "num_statements": 54, "percent_covered": 24.074074074074073, "percent_covered_display": "24", "missing_lines": 41, "excluded_lines": 0, "percent_statements_covered": 24.074074074074073, "percent_statements_covered_display": "24"}, "missing_lines": [39, 44, 45, 46, 47, 48, 49, 50, 51, 52, 71, 97, 98, 99, 101, 102, 103, 104, 105, 106, 107, 108, 109, 110, 111, 112, 113, 114, 115, 116, 117, 118, 119, 120, 121, 122, 123, 124, 126, 127, 128], "excluded_lines": [], "functions": {"_ImageToScaledPNGBytes": {"executed_lines": [], "summary": {"covered_lines": 0, "num_statements": 10, "percent_covered": 0.0, "percent_covered_display": "0", "missing_lines": 10, "excluded_lines": 0, "percent_statements_covered": 0.0, "percent_statements_covered_display": "0"}, "missing_lines": [39, 44, 45, 46, 47, 48, 49, 50, 51, 52], "excluded_lines": [], "start_line": 23}, "ResizeImageForVision": {"executed_lines": [], "summary": {"covered_lines": 0, "num_statements": 1, "percent_covered": 0.0, "percent_covered_display": "0", "missing_lines": 1, "excluded_lines": 0, "percent_statements_covered": 0.0, "percent_statements_covered_display": "0"}, "missing_lines": [71], "excluded_lines": [], "start_line": 55}, "AnimationFrames": {"executed_lines": [], "summary": {"covered_lines": 0, "num_statements": 30, "percent_covered": 0.0, "percent_covered_display": "0", "missing_lines": 30, "excluded_lines": 0, "percent_statements_covered": 0.0, "percent_statements_covered_display": "0"}, "missing_lines": [97, 98, 99, 101, 102, 103, 104, 105, 106, 107, 108, 109, 110, 111, 112, 113, 114, 115, 116, 117, 118, 119, 120, 121, 122, 123, 124, 126, 127, 128], "excluded_lines": [], "start_line": 74}, "": {"executed_lines": [5, 7, 8, 9, 10, 12, 14, 17, 19, 20, 23, 55, 74], "summary": {"covered_lines": 13, "num_statements": 13, "percent_covered": 100.0, "percent_covered_display": "100", "missing_lines": 0, "excluded_lines": 0, "percent_statements_covered": 100.0, "percent_statements_covered_display": "100"}, "missing_lines": [], "excluded_lines": [], "start_line": 1}}, "classes": {"": {"executed_lines": [5, 7, 8, 9, 10, 12, 14, 17, 19, 20, 23, 55, 74], "summary": {"covered_lines": 13, "num_statements": 54, "percent_covered": 24.074074074074073, "percent_covered_display": "24", "missing_lines": 41, "excluded_lines": 0, "percent_statements_covered": 24.074074074074073, "percent_statements_covered_display": "24"}, "missing_lines": [39, 44, 45, 46, 47, 48, 49, 50, 51, 52, 71, 97, 98, 99, 101, 102, 103, 104, 105, 106, 107, 108, 109, 110, 111, 112, 113, 114, 115, 116, 117, 118, 119, 120, 121, 122, 123, 124, 126, 127, 128], "excluded_lines": [], "start_line": 1}}}}, "totals": {"covered_lines": 273, "num_statements": 499, "percent_covered": 54.70941883767535, "percent_covered_display": "55", "missing_lines": 226, "excluded_lines": 0, "percent_statements_covered": 54.70941883767535, "percent_statements_covered_display": "55"}}